<?xml version="1.0" encoding="UTF-8"?>
<testng-results ignored="0" total="2" passed="2" failed="0" skipped="0">
  <reporter-output>
    <line>
      <![CDATA[No of rows are::9]]>
    </line>
    <line>
      <![CDATA[Login success]]>
    </line>
    <line>
      <![CDATA[Incorrect user ID or password]]>
    </line>
    <line>
      <![CDATA[Incorrect user ID or password]]>
    </line>
    <line>
      <![CDATA[Login success]]>
    </line>
    <line>
      <![CDATA[Login success]]>
    </line>
    <line>
      <![CDATA[Incorrect user ID or password]]>
    </line>
    <line>
      <![CDATA[Incorrect user ID or password]]>
    </line>
    <line>
      <![CDATA[Login success]]>
    </line>
    <line>
      <![CDATA[Incorrect user ID or password]]>
    </line>
    <line>
      <![CDATA[No of rows are::9]]>
    </line>
  </reporter-output>
  <suite started-at="2025-02-25T16:11:09 IST" name="Surefire suite" finished-at="2025-02-25T16:12:46 IST" duration-ms="97437">
    <groups>
    </groups>
    <test started-at="2025-02-25T16:11:09 IST" name="Surefire test" finished-at="2025-02-25T16:12:46 IST" duration-ms="97437">
      <class name="driverFactory.AppTest">
        <test-method is-config="true" signature="setUp()[pri:0, instance:driverFactory.AppTest@71b1176b]" started-at="2025-02-25T16:11:09 IST" name="setUp" finished-at="2025-02-25T16:11:12 IST" duration-ms="2685" status="PASS">
          <reporter-output>
          </reporter-output>
        </test-method> <!-- setUp -->
        <test-method signature="startTest()[pri:0, instance:driverFactory.AppTest@71b1176b]" started-at="2025-02-25T16:11:12 IST" name="startTest" finished-at="2025-02-25T16:12:06 IST" duration-ms="53859" status="PASS">
          <reporter-output>
            <line>
              <![CDATA[No of rows are::9]]>
            </line>
            <line>
              <![CDATA[Login success]]>
            </line>
            <line>
              <![CDATA[Incorrect user ID or password]]>
            </line>
            <line>
              <![CDATA[Incorrect user ID or password]]>
            </line>
            <line>
              <![CDATA[Login success]]>
            </line>
            <line>
              <![CDATA[Login success]]>
            </line>
            <line>
              <![CDATA[Incorrect user ID or password]]>
            </line>
            <line>
              <![CDATA[Incorrect user ID or password]]>
            </line>
            <line>
              <![CDATA[Login success]]>
            </line>
            <line>
              <![CDATA[Incorrect user ID or password]]>
            </line>
          </reporter-output>
        </test-method> <!-- startTest -->
        <test-method is-config="true" signature="tearDown()[pri:0, instance:driverFactory.AppTest@71b1176b]" started-at="2025-02-25T16:12:06 IST" name="tearDown" finished-at="2025-02-25T16:12:06 IST" duration-ms="821" status="PASS">
          <reporter-output>
          </reporter-output>
        </test-method> <!-- tearDown -->
        <test-method is-config="true" signature="setUp()[pri:0, instance:driverFactory.AppTest@71b1176b]" started-at="2025-02-25T16:12:06 IST" name="setUp" finished-at="2025-02-25T16:12:08 IST" duration-ms="1756" status="PASS">
          <reporter-output>
          </reporter-output>
        </test-method> <!-- setUp -->
        <test-method signature="InvalidLogin()[pri:1, instance:driverFactory.AppTest@71b1176b]" started-at="2025-02-25T16:12:08 IST" name="InvalidLogin" finished-at="2025-02-25T16:12:46 IST" duration-ms="37536" status="PASS">
          <reporter-output>
            <line>
              <![CDATA[No of rows are::9]]>
            </line>
          </reporter-output>
        </test-method> <!-- InvalidLogin -->
        <test-method is-config="true" signature="tearDown()[pri:0, instance:driverFactory.AppTest@71b1176b]" started-at="2025-02-25T16:12:46 IST" name="tearDown" finished-at="2025-02-25T16:12:46 IST" duration-ms="699" status="PASS">
          <reporter-output>
          </reporter-output>
        </test-method> <!-- tearDown -->
      </class> <!-- driverFactory.AppTest -->
    </test> <!-- Surefire test -->
  </suite> <!-- Surefire suite -->
</testng-results>
